c:\users\blady\documents\visual studio 2013\projects\mgranima\mgranima\debug\vc120.pdb
c:\users\blady\documents\visual studio 2013\projects\mgranima\mgranima\debug\vc120.idb
c:\users\blady\documents\visual studio 2013\projects\mgranima\mgranima\debug\common.obj
c:\users\blady\documents\visual studio 2013\projects\mgranima\mgranima\debug\animationimporter.obj
c:\users\blady\documents\visual studio 2013\projects\mgranima\mgranima\debug\main.obj
c:\users\blady\documents\visual studio 2013\projects\mgranima\mgranima\debug\animation.obj
c:\users\blady\documents\visual studio 2013\projects\mgranima\mgranima\debug\animationwarper.obj
c:\users\blady\documents\visual studio 2013\projects\mgranima\debug\mgranima.ilk
c:\users\blady\documents\visual studio 2013\projects\mgranima\debug\mgranima.exe
c:\users\blady\documents\visual studio 2013\projects\mgranima\debug\mgranima.pdb
c:\users\blady\documents\visual studio 2013\projects\mgranima\mgranima\debug\mgranima.tlog\cl.command.1.tlog
c:\users\blady\documents\visual studio 2013\projects\mgranima\mgranima\debug\mgranima.tlog\cl.read.1.tlog
c:\users\blady\documents\visual studio 2013\projects\mgranima\mgranima\debug\mgranima.tlog\cl.write.1.tlog
c:\users\blady\documents\visual studio 2013\projects\mgranima\mgranima\debug\mgranima.tlog\link.3324-cvtres.read.1.tlog
c:\users\blady\documents\visual studio 2013\projects\mgranima\mgranima\debug\mgranima.tlog\link.3324-cvtres.write.1.tlog
c:\users\blady\documents\visual studio 2013\projects\mgranima\mgranima\debug\mgranima.tlog\link.3324-rc.read.1.tlog
c:\users\blady\documents\visual studio 2013\projects\mgranima\mgranima\debug\mgranima.tlog\link.3324-rc.write.1.tlog
c:\users\blady\documents\visual studio 2013\projects\mgranima\mgranima\debug\mgranima.tlog\link.3324.read.1.tlog
c:\users\blady\documents\visual studio 2013\projects\mgranima\mgranima\debug\mgranima.tlog\link.3324.write.1.tlog
c:\users\blady\documents\visual studio 2013\projects\mgranima\mgranima\debug\mgranima.tlog\link.command.1.tlog
c:\users\blady\documents\visual studio 2013\projects\mgranima\mgranima\debug\mgranima.tlog\link.read.1.tlog
c:\users\blady\documents\visual studio 2013\projects\mgranima\mgranima\debug\mgranima.tlog\link.write.1.tlog
