Build started 24-06-17 13:11:53.
     1>Project "C:\Users\Blady\Documents\Visual Studio 2013\Projects\MgrAnima\MgrAnima\MgrAnima.vcxproj" on node 2 (Build target(s)).
     1>ClCompile:
         C:\Program Files (x86)\Microsoft Visual Studio 12.0\VC\bin\CL.exe /c /I"C:\Program Files\Autodesk\FBX\FBX SDK\2015.1\samples\ImportScene" /I"C:\Users\Blady\Documents\Visual Studio 2013\Projects\MgrAnima\FBX_SDK\include" /ZI /nologo /W3 /WX- /sdl /Od /Oy- /D FBXSDK_SHARED /D _MBCS /Gm /EHsc /RTC1 /MDd /GS /fp:precise /Zc:wchar_t /Zc:forScope /Fo"Debug\\" /Fd"Debug\vc120.pdb" /Gd /TP /analyze- /errorReport:prompt main.cpp
         main.cpp
     1>c:\users\blady\documents\visual studio 2013\projects\mgranima\mgranima\interpolationpoints.h(54): warning C4018: '<' : signed/unsigned mismatch
     1>c:\users\blady\documents\visual studio 2013\projects\mgranima\mgranima\interpolationpoints.h(78): warning C4018: '<' : signed/unsigned mismatch
     1>c:\users\blady\documents\visual studio 2013\projects\mgranima\mgranima\main.cpp(42): warning C4018: '<' : signed/unsigned mismatch
     1>c:\users\blady\documents\visual studio 2013\projects\mgranima\mgranima\main.cpp(77): warning C4244: 'argument' : conversion from 'double' to 'float', possible loss of data
     1>c:\users\blady\documents\visual studio 2013\projects\mgranima\mgranima\main.cpp(160): warning C4018: '<' : signed/unsigned mismatch
     1>c:\users\blady\documents\visual studio 2013\projects\mgranima\mgranima\main.cpp(164): warning C4244: 'argument' : conversion from 'double' to 'float', possible loss of data
     1>c:\users\blady\documents\visual studio 2013\projects\mgranima\mgranima\main.cpp(274): warning C4018: '<' : signed/unsigned mismatch
     1>c:\users\blady\documents\visual studio 2013\projects\mgranima\mgranima\main.cpp(412): warning C4244: 'argument' : conversion from 'time_t' to 'unsigned int', possible loss of data
     1>c:\users\blady\documents\visual studio 2013\projects\mgranima\mgranima\main.cpp(423): warning C4018: '<' : signed/unsigned mismatch
       Link:
         C:\Program Files (x86)\Microsoft Visual Studio 12.0\VC\bin\link.exe /ERRORREPORT:PROMPT /OUT:"C:\Users\Blady\Documents\Visual Studio 2013\Projects\MgrAnima\Debug\MgrAnima.exe" /INCREMENTAL /NOLOGO /LIBPATH:"C:\Users\Blady\Documents\Visual Studio 2013\Projects\MgrAnima\FBX_SDK\lib" libfbxsdk.lib kernel32.lib user32.lib gdi32.lib winspool.lib comdlg32.lib advapi32.lib shell32.lib ole32.lib oleaut32.lib uuid.lib odbc32.lib odbccp32.lib /MANIFEST /MANIFESTUAC:"level='asInvoker' uiAccess='false'" /manifest:embed /DEBUG /PDB:"C:\Users\Blady\Documents\Visual Studio 2013\Projects\MgrAnima\Debug\MgrAnima.pdb" /TLBID:1 /DYNAMICBASE /NXCOMPAT /IMPLIB:"C:\Users\Blady\Documents\Visual Studio 2013\Projects\MgrAnima\Debug\MgrAnima.lib" /MACHINE:X86 Debug\Common.obj
         Debug\bspline.obj
         Debug\main.obj
         MgrAnima.vcxproj -> C:\Users\Blady\Documents\Visual Studio 2013\Projects\MgrAnima\Debug\MgrAnima.exe
     1>Done Building Project "C:\Users\Blady\Documents\Visual Studio 2013\Projects\MgrAnima\MgrAnima\MgrAnima.vcxproj" (Build target(s)).

Build succeeded.

Time Elapsed 00:00:02.11
